This is pdfTeX, Version 3.141592653-2.6-1.40.22 (TeX Live 2022/dev/Debian) (preloaded format=pdflatex 2024.12.11)  2 FEB 2025 21:40
entering extended mode
 restricted \write18 enabled.
 file:line:error style messages enabled.
 %&-line parsing enabled.
**/home/IDA/master-thesis/Thesis_Docs/Nikkhah_Nasab-Aida-Mastersthesis.tex
(/home/IDA/master-thesis/Thesis_Docs/Nikkhah_Nasab-Aida-Mastersthesis.tex
LaTeX2e <2021-11-15> patch level 1
L3 programming layer <2022-01-21> (/usr/share/texlive/texmf-dist/tex/latex/koma-script/scrbook.cls
Document Class: scrbook 2021/11/13 v3.35 KOMA-Script document class (book)
(/usr/share/texlive/texmf-dist/tex/latex/koma-script/scrkbase.sty
Package: scrkbase 2021/11/13 v3.35 KOMA-Script package (KOMA-Script-dependent basics and keyval usage)
 (/usr/share/texlive/texmf-dist/tex/latex/koma-script/scrbase.sty
Package: scrbase 2021/11/13 v3.35 KOMA-Script package (KOMA-Script-independent basics and keyval usage)
 (/usr/share/texlive/texmf-dist/tex/latex/koma-script/scrlfile.sty
Package: scrlfile 2021/11/13 v3.35 KOMA-Script package (file load hooks)
 (/usr/share/texlive/texmf-dist/tex/latex/koma-script/scrlfile-hook.sty
Package: scrlfile-hook 2021/11/13 v3.35 KOMA-Script package (using LaTeX hooks)
 (/usr/share/texlive/texmf-dist/tex/latex/koma-script/scrlogo.sty
Package: scrlogo 2021/11/13 v3.35 KOMA-Script package (logo)
))) (/usr/share/texlive/texmf-dist/tex/latex/graphics/keyval.sty
Package: keyval 2014/10/28 v1.15 key=value parser (DPC)
\KV@toks@=\toks16
)
Applying: [2021/05/01] Usage of raw or classic option list on input line 252.
Already applied: [0000/00/00] Usage of raw or classic option list on input line 368.
)) (/usr/share/texlive/texmf-dist/tex/latex/koma-script/tocbasic.sty
Package: tocbasic 2021/11/13 v3.35 KOMA-Script package (handling toc-files)
\scr@dte@tocline@numberwidth=\skip47
\scr@dte@tocline@numbox=\box50
)
Package tocbasic Info: babel extension for `toc' omitted
(tocbasic)             because of missing \bbl@set@language on input line 137.
Class scrbook Info: File `scrsize11pt.clo' used instead of
(scrbook)           file `scrsize11.clo' to setup font sizes on input line 2490.
 (/usr/share/texlive/texmf-dist/tex/latex/koma-script/scrsize11pt.clo
File: scrsize11pt.clo 2021/11/13 v3.35 KOMA-Script font size class option (11pt)
) (/usr/share/texlive/texmf-dist/tex/latex/koma-script/typearea.sty
Package: typearea 2021/11/13 v3.35 KOMA-Script package (type area)
\ta@bcor=\skip48
\ta@div=\count185
Package typearea Info: You've used standard option `a4paper'.
(typearea)             This is correct!
(typearea)             Internally I'm using `paper=a4'.
(typearea)             If you'd like to set the option with \KOMAoptions,
(typearea)             you'd have to use `paper=a4' there
(typearea)             instead of `a4paper', too.
\ta@hblk=\skip49
\ta@vblk=\skip50
\ta@temp=\skip51
\footheight=\skip52
Package typearea Info: These are the values describing the layout:
(typearea)             DIV  = 10
(typearea)             BCOR = 0.0pt
(typearea)             \paperwidth      = 597.50793pt
(typearea)              \textwidth      = 418.25555pt
(typearea)              DIV departure   = -6%
(typearea)              \evensidemargin = 47.2316pt
(typearea)              \oddsidemargin  = -12.5192pt
(typearea)             \paperheight     = 845.04694pt
(typearea)              \textheight     = 595.80026pt
(typearea)              \topmargin      = -25.16531pt
(typearea)              \headheight     = 17.0pt
(typearea)              \headsep        = 20.40001pt
(typearea)              \topskip        = 11.0pt
(typearea)              \footskip       = 47.6pt
(typearea)              \baselineskip   = 13.6pt
(typearea)              on input line 1743.
)
\c@part=\count186
\c@chapter=\count187
\c@section=\count188
\c@subsection=\count189
\c@subsubsection=\count190
\c@paragraph=\count191
\c@subparagraph=\count192
\scr@dte@chapter@maxnumwidth=\skip53
Class scrbook Info: using compatibility default `afterindent=bysign'
(scrbook)           for `\chapter on input line 5715.
\scr@dte@section@maxnumwidth=\skip54
Class scrbook Info: using compatibility default `runin=bysign'
(scrbook)           for `\section on input line 5726.
Class scrbook Info: using compatibility default `afterindent=bysign'
(scrbook)           for `\section on input line 5726.
\scr@dte@part@maxnumwidth=\skip55
Class scrbook Info: using compatibility default `afterindent=true'
(scrbook)           for `\part on input line 5735.
\scr@dte@subsection@maxnumwidth=\skip56
Class scrbook Info: using compatibility default `runin=bysign'
(scrbook)           for `\subsection on input line 5745.
Class scrbook Info: using compatibility default `afterindent=bysign'
(scrbook)           for `\subsection on input line 5745.
\scr@dte@subsubsection@maxnumwidth=\skip57
Class scrbook Info: using compatibility default `runin=bysign'
(scrbook)           for `\subsubsection on input line 5755.
Class scrbook Info: using compatibility default `afterindent=bysign'
(scrbook)           for `\subsubsection on input line 5755.
\scr@dte@paragraph@maxnumwidth=\skip58
Class scrbook Info: using compatibility default `runin=bysign'
(scrbook)           for `\paragraph on input line 5766.
Class scrbook Info: using compatibility default `afterindent=bysign'
(scrbook)           for `\paragraph on input line 5766.
\scr@dte@subparagraph@maxnumwidth=\skip59
Class scrbook Info: using compatibility default `runin=bysign'
(scrbook)           for `\subparagraph on input line 5776.
Class scrbook Info: using compatibility default `afterindent=bysign'
(scrbook)           for `\subparagraph on input line 5776.
\abovecaptionskip=\skip60
\belowcaptionskip=\skip61
\c@pti@nb@sid@b@x=\box51
Package tocbasic Info: babel extension for `lof' omitted
(tocbasic)             because of missing \bbl@set@language on input line 6962.
\scr@dte@figure@maxnumwidth=\skip62
\c@figure=\count193
Package tocbasic Info: babel extension for `lot' omitted
(tocbasic)             because of missing \bbl@set@language on input line 6978.
\scr@dte@table@maxnumwidth=\skip63
\c@table=\count194
Class scrbook Info: Redefining `\numberline' on input line 7146.
\bibindent=\dimen138
) (/usr/share/texlive/texmf-dist/tex/latex/base/inputenc.sty
Package: inputenc 2021/02/14 v1.3d Input encoding file
\inpenc@prehook=\toks17
\inpenc@posthook=\toks18
) (/usr/share/texlive/texmf-dist/tex/latex/graphics/graphicx.sty
Package: graphicx 2021/09/16 v1.2d Enhanced LaTeX Graphics (DPC,SPQR)
 (/usr/share/texlive/texmf-dist/tex/latex/graphics/graphics.sty
Package: graphics 2021/03/04 v1.4d Standard LaTeX Graphics (DPC,SPQR)
 (/usr/share/texlive/texmf-dist/tex/latex/graphics/trig.sty
Package: trig 2021/08/11 v1.11 sin cos tan (DPC)
) (/usr/share/texlive/texmf-dist/tex/latex/graphics-cfg/graphics.cfg
File: graphics.cfg 2016/06/04 v1.11 sample graphics configuration
)
Package graphics Info: Driver file: pdftex.def on input line 107.
 (/usr/share/texlive/texmf-dist/tex/latex/graphics-def/pdftex.def
File: pdftex.def 2020/10/05 v1.2a Graphics/color driver for pdftex
))
\Gin@req@height=\dimen139
\Gin@req@width=\dimen140
) (/usr/share/texlive/texmf-dist/tex/latex/booktabs/booktabs.sty
Package: booktabs 2020/01/12 v1.61803398 Publication quality tables
\heavyrulewidth=\dimen141
\lightrulewidth=\dimen142
\cmidrulewidth=\dimen143
\belowrulesep=\dimen144
\belowbottomsep=\dimen145
\aboverulesep=\dimen146
\abovetopsep=\dimen147
\cmidrulesep=\dimen148
\cmidrulekern=\dimen149
\defaultaddspace=\dimen150
\@cmidla=\count195
\@cmidlb=\count196
\@aboverulesep=\dimen151
\@belowrulesep=\dimen152
\@thisruleclass=\count197
\@lastruleclass=\count198
\@thisrulewidth=\dimen153
) (/usr/share/texlive/texmf-dist/tex/latex/url/url.sty
\Urlmuskip=\muskip16
Package: url 2013/09/16  ver 3.4  Verb mode for urls, etc.
) (/usr/share/texlive/texmf-dist/tex/latex/relsize/relsize.sty
Package: relsize 2013/03/29 ver 4.1
) (/usr/share/texlive/texmf-dist/tex/latex/hyperref/hyperref.sty
Package: hyperref 2021-06-07 v7.00m Hypertext links for LaTeX
 (/usr/share/texlive/texmf-dist/tex/generic/ltxcmds/ltxcmds.sty
Package: ltxcmds 2020-05-10 v1.25 LaTeX kernel commands for general use (HO)
) (/usr/share/texlive/texmf-dist/tex/generic/iftex/iftex.sty
Package: iftex 2020/03/06 v1.0d TeX engine tests
) (/usr/share/texlive/texmf-dist/tex/generic/pdftexcmds/pdftexcmds.sty
Package: pdftexcmds 2020-06-27 v0.33 Utility functions of pdfTeX for LuaTeX (HO)
 (/usr/share/texlive/texmf-dist/tex/generic/infwarerr/infwarerr.sty
Package: infwarerr 2019/12/03 v1.5 Providing info/warning/error messages (HO)
)
Package pdftexcmds Info: \pdf@primitive is available.
Package pdftexcmds Info: \pdf@ifprimitive is available.
Package pdftexcmds Info: \pdfdraftmode found.
) (/usr/share/texlive/texmf-dist/tex/generic/kvsetkeys/kvsetkeys.sty
Package: kvsetkeys 2019/12/15 v1.18 Key value parser (HO)
) (/usr/share/texlive/texmf-dist/tex/generic/kvdefinekeys/kvdefinekeys.sty
Package: kvdefinekeys 2019-12-19 v1.6 Define keys (HO)
) (/usr/share/texlive/texmf-dist/tex/generic/pdfescape/pdfescape.sty
Package: pdfescape 2019/12/09 v1.15 Implements pdfTeX's escape features (HO)
) (/usr/share/texlive/texmf-dist/tex/latex/hycolor/hycolor.sty
Package: hycolor 2020-01-27 v1.10 Color options for hyperref/bookmark (HO)
) (/usr/share/texlive/texmf-dist/tex/latex/letltxmacro/letltxmacro.sty
Package: letltxmacro 2019/12/03 v1.6 Let assignment for LaTeX macros (HO)
) (/usr/share/texlive/texmf-dist/tex/latex/auxhook/auxhook.sty
Package: auxhook 2019-12-17 v1.6 Hooks for auxiliary files (HO)
) (/usr/share/texlive/texmf-dist/tex/latex/kvoptions/kvoptions.sty
Package: kvoptions 2020-10-07 v3.14 Key value format for package options (HO)
)
\@linkdim=\dimen154
\Hy@linkcounter=\count199
\Hy@pagecounter=\count266
 (/usr/share/texlive/texmf-dist/tex/latex/hyperref/pd1enc.def
File: pd1enc.def 2021-06-07 v7.00m Hyperref: PDFDocEncoding definition (HO)
Now handling font encoding PD1 ...
... no UTF-8 mapping file for font encoding PD1
) (/usr/share/texlive/texmf-dist/tex/latex/hyperref/hyperref-langpatches.def
File: hyperref-langpatches.def 2021-06-07 v7.00m Hyperref: patches for babel languages
) (/usr/share/texlive/texmf-dist/tex/generic/intcalc/intcalc.sty
Package: intcalc 2019/12/15 v1.3 Expandable calculations with integers (HO)
) (/usr/share/texlive/texmf-dist/tex/generic/etexcmds/etexcmds.sty
Package: etexcmds 2019/12/15 v1.7 Avoid name clashes with e-TeX commands (HO)
)
\Hy@SavedSpaceFactor=\count267
 (/usr/share/texlive/texmf-dist/tex/latex/hyperref/puenc.def
File: puenc.def 2021-06-07 v7.00m Hyperref: PDF Unicode definition (HO)
Now handling font encoding PU ...
... no UTF-8 mapping file for font encoding PU
)
Package hyperref Info: Option `colorlinks' set `false' on input line 4073.
Package hyperref Info: Hyper figures OFF on input line 4192.
Package hyperref Info: Link nesting OFF on input line 4197.
Package hyperref Info: Hyper index ON on input line 4200.
Package hyperref Info: Plain pages OFF on input line 4207.
Package hyperref Info: Backreferencing OFF on input line 4212.
Package hyperref Info: Implicit mode ON; LaTeX internals redefined.
Package hyperref Info: Bookmarks ON on input line 4445.
\c@Hy@tempcnt=\count268
LaTeX Info: Redefining \url on input line 4804.
\XeTeXLinkMargin=\dimen155
 (/usr/share/texlive/texmf-dist/tex/generic/bitset/bitset.sty
Package: bitset 2019/12/09 v1.3 Handle bit-vector datatype (HO)
 (/usr/share/texlive/texmf-dist/tex/generic/bigintcalc/bigintcalc.sty
Package: bigintcalc 2019/12/15 v1.5 Expandable calculations on big integers (HO)
))
\Fld@menulength=\count269
\Field@Width=\dimen156
\Fld@charsize=\dimen157
Package hyperref Info: Hyper figures OFF on input line 6076.
Package hyperref Info: Link nesting OFF on input line 6081.
Package hyperref Info: Hyper index ON on input line 6084.
Package hyperref Info: backreferencing OFF on input line 6091.
Package hyperref Info: Link coloring OFF on input line 6096.
Package hyperref Info: Link coloring with OCG OFF on input line 6101.
Package hyperref Info: PDF/A mode OFF on input line 6106.
LaTeX Info: Redefining \ref on input line 6146.
LaTeX Info: Redefining \pageref on input line 6150.
 (/usr/share/texlive/texmf-dist/tex/latex/base/atbegshi-ltx.sty
Package: atbegshi-ltx 2021/01/10 v1.0c Emulation of the original atbegshi
package with kernel methods
)
\Hy@abspage=\count270
\c@Item=\count271
\c@Hfootnote=\count272
)
Package hyperref Info: Driver (autodetected): hpdftex.
 (/usr/share/texlive/texmf-dist/tex/latex/hyperref/hpdftex.def
File: hpdftex.def 2021-06-07 v7.00m Hyperref driver for pdfTeX
 (/usr/share/texlive/texmf-dist/tex/latex/base/atveryend-ltx.sty
Package: atveryend-ltx 2020/08/19 v1.0a Emulation of the original atveryend package
with kernel methods
)
\Fld@listcount=\count273
\c@bookmark@seq@number=\count274
 (/usr/share/texlive/texmf-dist/tex/latex/rerunfilecheck/rerunfilecheck.sty
Package: rerunfilecheck 2019/12/05 v1.9 Rerun checks for auxiliary files (HO)
 (/usr/share/texlive/texmf-dist/tex/generic/uniquecounter/uniquecounter.sty
Package: uniquecounter 2019/12/15 v1.4 Provide unlimited unique counter (HO)
)
Package uniquecounter Info: New unique counter `rerunfilecheck' on input line 286.
)
\Hy@SectionHShift=\skip64
) (/usr/share/texlive/texmf-dist/tex/latex/libertine/libertine.sty
Package: libertine 2020/03/26 (Bob Tennent) Supports Libertine and Biolinum fonts for all LaTeX engines.
 (/usr/share/texlive/texmf-dist/tex/generic/iftex/ifxetex.sty
Package: ifxetex 2019/10/25 v0.7 ifxetex legacy package. Use iftex instead.
) (/usr/share/texlive/texmf-dist/tex/generic/iftex/ifluatex.sty
Package: ifluatex 2019/10/25 v1.5 ifluatex legacy package. Use iftex instead.
) (/usr/share/texlive/texmf-dist/tex/latex/xkeyval/xkeyval.sty
Package: xkeyval 2020/11/20 v2.8 package option processing (HA)
 (/usr/share/texlive/texmf-dist/tex/generic/xkeyval/xkeyval.tex (/usr/share/texlive/texmf-dist/tex/generic/xkeyval/xkvutils.tex
\XKV@toks=\toks19
\XKV@tempa@toks=\toks20
)
\XKV@depth=\count275
File: xkeyval.tex 2014/12/03 v2.7a key=value parser (HA)
)) (/usr/share/texlive/texmf-dist/tex/latex/base/textcomp.sty
Package: textcomp 2020/02/02 v2.0n Standard LaTeX package
) (/usr/share/texlive/texmf-dist/tex/latex/base/fontenc.sty
Package: fontenc 2021/04/29 v2.0v Standard LaTeX package
) (/usr/share/texlive/texmf-dist/tex/latex/fontaxes/fontaxes.sty
Package: fontaxes 2020/07/21 v1.0e Font selection axes
LaTeX Info: Redefining \upshape on input line 29.
LaTeX Info: Redefining \itshape on input line 31.
LaTeX Info: Redefining \slshape on input line 33.
LaTeX Info: Redefining \swshape on input line 35.
LaTeX Info: Redefining \scshape on input line 37.
LaTeX Info: Redefining \sscshape on input line 39.
LaTeX Info: Redefining \ulcshape on input line 41.
LaTeX Info: Redefining \textsw on input line 47.
LaTeX Info: Redefining \textssc on input line 48.
LaTeX Info: Redefining \textulc on input line 49.
)
LaTeX Info: Redefining \oldstylenums on input line 484.
 (/usr/share/texlive/texmf-dist/tex/latex/libertine/LinLibertine_I.tex)) (/usr/share/texlive/texmf-dist/tex/latex/base/ifthen.sty
Package: ifthen 2020/11/24 v1.1c Standard LaTeX ifthen package (DPC)
) (/usr/share/texlive/texmf-dist/tex/latex/listings/listings.sty
\lst@mode=\count276
\lst@gtempboxa=\box52
\lst@token=\toks21
\lst@length=\count277
\lst@currlwidth=\dimen158
\lst@column=\count278
\lst@pos=\count279
\lst@lostspace=\dimen159
\lst@width=\dimen160
\lst@newlines=\count280
\lst@lineno=\count281
\lst@maxwidth=\dimen161
 (/usr/share/texlive/texmf-dist/tex/latex/listings/lstmisc.sty
File: lstmisc.sty 2020/03/24 1.8d (Carsten Heinz)
\c@lstnumber=\count282
\lst@skipnumbers=\count283
\lst@framebox=\box53
) (/usr/share/texlive/texmf-dist/tex/latex/listings/listings.cfg
File: listings.cfg 2020/03/24 1.8d listings configuration
))
Package: listings 2020/03/24 1.8d (Carsten Heinz)
 (/usr/share/texlive/texmf-dist/tex/latex/xcolor/xcolor.sty
Package: xcolor 2021/10/31 v2.13 LaTeX color extensions (UK)
 (/usr/share/texlive/texmf-dist/tex/latex/graphics-cfg/color.cfg
File: color.cfg 2016/01/02 v1.6 sample color configuration
)
Package xcolor Info: Driver file: pdftex.def on input line 227.
Package xcolor Info: Model `cmy' substituted by `cmy0' on input line 1352.
Package xcolor Info: Model `hsb' substituted by `rgb' on input line 1356.
Package xcolor Info: Model `RGB' extended on input line 1368.
Package xcolor Info: Model `HTML' substituted by `rgb' on input line 1370.
Package xcolor Info: Model `Hsb' substituted by `hsb' on input line 1371.
Package xcolor Info: Model `tHsb' substituted by `hsb' on input line 1372.
Package xcolor Info: Model `HSB' substituted by `hsb' on input line 1373.
Package xcolor Info: Model `Gray' substituted by `gray' on input line 1374.
Package xcolor Info: Model `wave' substituted by `hsb' on input line 1375.
) (/usr/share/texlive/texmf-dist/tex/latex/amsmath/amsmath.sty
Package: amsmath 2021/10/15 v2.17l AMS math features
\@mathmargin=\skip65

For additional information on amsmath, use the `?' option.
(/usr/share/texlive/texmf-dist/tex/latex/amsmath/amstext.sty
Package: amstext 2021/08/26 v2.01 AMS text
 (/usr/share/texlive/texmf-dist/tex/latex/amsmath/amsgen.sty
File: amsgen.sty 1999/11/30 v2.0 generic functions
\@emptytoks=\toks22
\ex@=\dimen162
)) (/usr/share/texlive/texmf-dist/tex/latex/amsmath/amsbsy.sty
Package: amsbsy 1999/11/29 v1.2d Bold Symbols
\pmbraise@=\dimen163
) (/usr/share/texlive/texmf-dist/tex/latex/amsmath/amsopn.sty
Package: amsopn 2021/08/26 v2.02 operator names
)
\inf@bad=\count284
LaTeX Info: Redefining \frac on input line 234.
\uproot@=\count285
\leftroot@=\count286
LaTeX Info: Redefining \overline on input line 399.
\classnum@=\count287
\DOTSCASE@=\count288
LaTeX Info: Redefining \ldots on input line 496.
LaTeX Info: Redefining \dots on input line 499.
LaTeX Info: Redefining \cdots on input line 620.
\Mathstrutbox@=\box54
\strutbox@=\box55
\big@size=\dimen164
LaTeX Font Info:    Redeclaring font encoding OML on input line 743.
LaTeX Font Info:    Redeclaring font encoding OMS on input line 744.
\macc@depth=\count289
\c@MaxMatrixCols=\count290
\dotsspace@=\muskip17
\c@parentequation=\count291
\dspbrk@lvl=\count292
\tag@help=\toks23
\row@=\count293
\column@=\count294
\maxfields@=\count295
\andhelp@=\toks24
\eqnshift@=\dimen165
\alignsep@=\dimen166
\tagshift@=\dimen167
\tagwidth@=\dimen168
\totwidth@=\dimen169
\lineht@=\dimen170
\@envbody=\toks25
\multlinegap=\skip66
\multlinetaggap=\skip67
\mathdisplay@stack=\toks26
LaTeX Info: Redefining \[ on input line 2938.
LaTeX Info: Redefining \] on input line 2939.
) (/usr/share/texlive/texmf-dist/tex/latex/koma-script/scrhack.sty
Package: scrhack 2021/11/13 v3.35 KOMA-Script package (hacking other packages)
 (/usr/share/texlive/texmf-dist/tex/latex/xpatch/xpatch.sty (/usr/share/texlive/texmf-dist/tex/latex/l3kernel/expl3.sty
Package: expl3 2022-01-21 L3 programming layer (loader) 
 (/usr/share/texlive/texmf-dist/tex/latex/l3backend/l3backend-pdftex.def
File: l3backend-pdftex.def 2022-01-12 L3 backend support: PDF output (pdfTeX)
\l__color_backend_stack_int=\count296
\l__pdf_internal_box=\box56
))
Package: xpatch 2020/03/25 v0.3a Extending etoolbox patching commands
 (/usr/share/texlive/texmf-dist/tex/latex/l3packages/xparse/xparse.sty
Package: xparse 2022-01-12 L3 Experimental document command parser
) (/usr/share/texlive/texmf-dist/tex/latex/etoolbox/etoolbox.sty
Package: etoolbox 2020/10/05 v2.5k e-TeX tools for LaTeX (JAW)
\etb@tempcnta=\count297
))
Package scrhack Info: hyperref hack deactivated because of
(scrhack)             detection of hyperref version, that doesn't
(scrhack)             need that hack, on input line 162.
Package scrhack Info: loading listings hack on input line 185.
 (/usr/share/texlive/texmf-dist/tex/latex/koma-script/listings.hak
File: listings.hak 2021/11/13 v3.35 KOMA-Script scrhack part (hacking package listings)
Package tocbasic Info: babel extension for `lol' omitted
(tocbasic)             because of missing \bbl@set@language on input line 143.
Package scrhack Info: redefining \lstlistoflistings on input line 143.
))
LaTeX Font Info:    Trying to load font information for OT1+LinuxLibertineT-TLF on input line 91.
 (/usr/share/texlive/texmf-dist/tex/latex/libertine/OT1LinuxLibertineT-TLF.fd
File: OT1LinuxLibertineT-TLF.fd 2017/03/20 (autoinst) Font definitions for OT1/LinuxLibertineT-TLF.
)
LaTeX Font Info:    Font shape `OT1/LinuxLibertineT-TLF/m/n' will be
(Font)              scaled to size 10.95pt on input line 91.
 (./Nikkhah_Nasab-Aida-Mastersthesis.aux)
\openout1 = `Nikkhah_Nasab-Aida-Mastersthesis.aux'.

LaTeX Font Info:    Checking defaults for OML/cmm/m/it on input line 91.
LaTeX Font Info:    ... okay on input line 91.
LaTeX Font Info:    Checking defaults for OMS/cmsy/m/n on input line 91.
LaTeX Font Info:    ... okay on input line 91.
LaTeX Font Info:    Checking defaults for OT1/cmr/m/n on input line 91.
LaTeX Font Info:    ... okay on input line 91.
LaTeX Font Info:    Checking defaults for T1/cmr/m/n on input line 91.
LaTeX Font Info:    ... okay on input line 91.
LaTeX Font Info:    Checking defaults for TS1/cmr/m/n on input line 91.
LaTeX Font Info:    ... okay on input line 91.
LaTeX Font Info:    Checking defaults for OMX/cmex/m/n on input line 91.
LaTeX Font Info:    ... okay on input line 91.
LaTeX Font Info:    Checking defaults for U/cmr/m/n on input line 91.
LaTeX Font Info:    ... okay on input line 91.
LaTeX Font Info:    Checking defaults for PD1/pdf/m/n on input line 91.
LaTeX Font Info:    ... okay on input line 91.
LaTeX Font Info:    Checking defaults for PU/pdf/m/n on input line 91.
LaTeX Font Info:    ... okay on input line 91.
Package scrbase Info: activating english \contentsname on input line 91.
Package scrbase Info: activating english \listfigurename on input line 91.
Package scrbase Info: activating english \listtablename on input line 91.
 (/usr/share/texlive/texmf-dist/tex/context/base/mkii/supp-pdf.mkii
[Loading MPS to PDF converter (version 2006.09.02).]
\scratchcounter=\count298
\scratchdimen=\dimen171
\scratchbox=\box57
\nofMPsegments=\count299
\nofMParguments=\count300
\everyMPshowfont=\toks27
\MPscratchCnt=\count301
\MPscratchDim=\dimen172
\MPnumerator=\count302
\makeMPintoPDFobject=\count303
\everyMPtoPDFconversion=\toks28
) (/usr/share/texlive/texmf-dist/tex/latex/epstopdf-pkg/epstopdf-base.sty
Package: epstopdf-base 2020-01-24 v2.11 Base part for package epstopdf
Package epstopdf-base Info: Redefining graphics rule for `.eps' on input line 485.
 (/usr/share/texlive/texmf-dist/tex/latex/latexconfig/epstopdf-sys.cfg
File: epstopdf-sys.cfg 2010/07/13 v1.3 Configuration of (r)epstopdf for TeX Live
))
Package hyperref Info: Link coloring OFF on input line 91.
 (/usr/share/texlive/texmf-dist/tex/latex/hyperref/nameref.sty
Package: nameref 2021-04-02 v2.47 Cross-referencing by name of section
 (/usr/share/texlive/texmf-dist/tex/latex/refcount/refcount.sty
Package: refcount 2019/12/15 v3.6 Data extraction from label references (HO)
) (/usr/share/texlive/texmf-dist/tex/generic/gettitlestring/gettitlestring.sty
Package: gettitlestring 2019/12/15 v1.6 Cleanup title references (HO)
)
\c@section@level=\count304
)
LaTeX Info: Redefining \ref on input line 91.
LaTeX Info: Redefining \pageref on input line 91.
LaTeX Info: Redefining \nameref on input line 91.
 (./Nikkhah_Nasab-Aida-Mastersthesis.out) (./Nikkhah_Nasab-Aida-Mastersthesis.out)
\@outlinefile=\write3
\openout3 = `Nikkhah_Nasab-Aida-Mastersthesis.out'.

Class scrbook Info: loading recommended package `bookmark'.
(scrbook)           Using `bookmark' together with `hyperref' is recommended,
(scrbook)           because of handling of possible bookmark level gaps.
(scrbook)           You can avoid loading `bookmark' with KOMA-Script option
(scrbook)           `bookmarkpackage=false' before \begin{document} and
(scrbook)           you can avoid this message adding:
(scrbook)             \usepackage{bookmark}
(scrbook)           before \begin{document} on input line 91.
 (/usr/share/texlive/texmf-dist/tex/latex/bookmark/bookmark.sty
Package: bookmark 2020-11-06 v1.29 PDF bookmarks (HO)
 (/usr/share/texlive/texmf-dist/tex/latex/bookmark/bkm-pdftex.def
File: bkm-pdftex.def 2020-11-06 v1.29 bookmark driver for pdfTeX (HO)
\BKM@id=\count305
))
\c@mv@tabular=\count306
\c@mv@boldtabular=\count307
\c@lstlisting=\count308
Package scrhack Info: undefining \float@addtolists on input line 91.
 (../Thesis_Docs/sources/title.tex
LaTeX Font Info:    Font shape `OT1/LinuxLibertineT-TLF/b/n' will be
(Font)              scaled to size 10.95pt on input line 4.
LaTeX Font Info:    Font shape `OT1/LinuxLibertineT-TLF/b/n' will be
(Font)              scaled to size 14.4pt on input line 4.
LaTeX Font Info:    Font shape `OT1/LinuxLibertineT-TLF/m/n' will be
(Font)              scaled to size 14.4pt on input line 8.
LaTeX Font Info:    Font shape `OT1/LinuxLibertineT-TLF/m/n' will be
(Font)              scaled to size 24.88pt on input line 10.
LaTeX Font Info:    Font shape `OT1/LinuxLibertineT-TLF/m/n' will be
(Font)              scaled to size 20.74pt on input line 10.
LaTeX Font Info:    Font shape `OT1/LinuxLibertineT-TLF/m/sc' will be
(Font)              scaled to size 20.74pt on input line 10.
LaTeX Font Info:    Font shape `OT1/LinuxLibertineT-TLF/m/it' will be
(Font)              scaled to size 14.4pt on input line 19.
 [1



{/var/lib/texmf/fonts/map/pdftex/updmap/pdftex.map}] [2


]) (../Thesis_Docs/sources/declaration.tex
<../Thesis_Docs/sources/THD_Logo.pdf, id=17, 1275.76625pt x 277.035pt>
File: ../Thesis_Docs/sources/THD_Logo.pdf Graphic file (type pdf)
<use ../Thesis_Docs/sources/THD_Logo.pdf>
Package pdftex.def Info: ../Thesis_Docs/sources/THD_Logo.pdf  used on input line 16.
(pdftex.def)             Requested size: 209.12778pt x 45.41289pt.

Overfull \hbox (12.77536pt too wide) in paragraph at lines 12--18
[][] [] 
 []

LaTeX Font Info:    Trying to load font information for TS1+LinuxLibertineT-TLF on input line 44.
(/usr/share/texlive/texmf-dist/tex/latex/libertine/TS1LinuxLibertineT-TLF.fd
File: TS1LinuxLibertineT-TLF.fd 2017/03/20 (autoinst) Font definitions for TS1/LinuxLibertineT-TLF.
)
LaTeX Font Info:    Font shape `TS1/LinuxLibertineT-TLF/m/n' will be
(Font)              scaled to size 10.95pt on input line 44.
LaTeX Font Info:    Font shape `OT1/LinuxLibertineT-TLF/m/n' will be
(Font)              scaled to size 9.0pt on input line 46.

Underfull \hbox (badness 10000) in alignment at lines 46--46
[][][][]
 []


Underfull \hbox (badness 10000) in paragraph at lines 46--47

 []


Underfull \hbox (badness 10000) in alignment at lines 55--55
[][][][]
 []


Underfull \hbox (badness 10000) in alignment at lines 72--72
[][][][]
 []


Underfull \hbox (badness 10000) in paragraph at lines 72--74

 []

[3 <../Thesis_Docs/sources/THD_Logo.pdf>] [4


])
LaTeX Font Info:    Trying to load font information for OT1+LinuxBiolinumT-TLF on input line 98.
 (/usr/share/texlive/texmf-dist/tex/latex/libertine/OT1LinuxBiolinumT-TLF.fd
File: OT1LinuxBiolinumT-TLF.fd 2017/03/20 (autoinst) Font definitions for OT1/LinuxBiolinumT-TLF.
)
LaTeX Font Info:    Font shape `OT1/LinuxBiolinumT-TLF/m/n' will be
(Font)              scaled to size 10.95pt on input line 98.
LaTeX Font Info:    Font shape `OT1/LinuxBiolinumT-TLF/b/n' will be
(Font)              scaled to size 10.95pt on input line 98.
LaTeX Font Info:    Font shape `OT1/LinuxBiolinumT-TLF/b/n' will be
(Font)              scaled to size 20.74pt on input line 98.

Overfull \hbox (0.13554pt too wide) in paragraph at lines 101--102
\OT1/LinuxLibertineT-TLF/m/n/10.95 WATCH, out-lin-ing its al-go-rith-mic ar-chi-tec-ture, es-sen-tial com-po-nents, and the in-no-va-tive meth-
 []

[5


] [6


] (./Nikkhah_Nasab-Aida-Mastersthesis.toc [7]
LaTeX Font Info:    Font shape `OT1/LinuxLibertineT-TLF/m/sl' in size <10.95> not available
(Font)              Font shape `OT1/LinuxLibertineT-TLF/m/it' tried instead on input line 80.
LaTeX Font Info:    Font shape `OT1/LinuxLibertineT-TLF/m/it' will be
(Font)              scaled to size 10.95pt on input line 80.
 [8])
\tf@toc=\write4
\openout4 = `Nikkhah_Nasab-Aida-Mastersthesis.toc'.

 [9] [10


] (../Thesis_Docs/main.tex
chapter 1.
LaTeX Font Info:    Font shape `OT1/LinuxBiolinumT-TLF/b/n' will be
(Font)              scaled to size 14.4pt on input line 3.
LaTeX Font Info:    Font shape `OT1/LinuxBiolinumT-TLF/b/n' will be
(Font)              scaled to size 12.0pt on input line 10.
[1


] [2]
Overfull \hbox (5.12152pt too wide) in paragraph at lines 37--38
[]\OT1/LinuxLibertineT-TLF/b/n/10.95 Develop Ad-vanced De-tec-tion Tech-niques\OT1/LinuxLibertineT-TLF/m/n/10.95 : Cre-ate meth-ods to iden-tify po-ten-tial threats
 []

[3] [4]
chapter 2.
<../Thesis_Docs/media/maps.png, id=264, 1106.33325pt x 483.0045pt>
File: ../Thesis_Docs/media/maps.png Graphic file (type png)
<use ../Thesis_Docs/media/maps.png>
Package pdftex.def Info: ../Thesis_Docs/media/maps.png  used on input line 81.
(pdftex.def)             Requested size: 418.25555pt x 182.60025pt.
[5


]
<../Thesis_Docs/media/apt_attack_lifecycle.png, id=274, 391.4625pt x 254.75175pt>
File: ../Thesis_Docs/media/apt_attack_lifecycle.png Graphic file (type png)
<use ../Thesis_Docs/media/apt_attack_lifecycle.png>
Package pdftex.def Info: ../Thesis_Docs/media/apt_attack_lifecycle.png  used on input line 100.
(pdftex.def)             Requested size: 418.25555pt x 272.20071pt.


LaTeX Warning: Citation `charan2021dmpt' on page 6 undefined on input line 101.


LaTeX Warning: Citation `charan2021dmpt' on page 6 undefined on input line 101.

[6 <../Thesis_Docs/media/maps.png>] [7 <../Thesis_Docs/media/apt_attack_lifecycle.png>]
<../Thesis_Docs/media/enterprise_network_diagram.png, id=288, 3452.9pt x 2671.9825pt>
File: ../Thesis_Docs/media/enterprise_network_diagram.png Graphic file (type png)
<use ../Thesis_Docs/media/enterprise_network_diagram.png>
Package pdftex.def Info: ../Thesis_Docs/media/enterprise_network_diagram.png  used on input line 126.
(pdftex.def)             Requested size: 292.7776pt x 226.52432pt.
 [8 <../Thesis_Docs/media/enterprise_network_diagram.png>] [9]
Overfull \hbox (1.42807pt too wide) in paragraph at lines 166--167
[]\OT1/LinuxLibertineT-TLF/b/n/10.95 Resource Op-ti-miza-tion: \OT1/LinuxLibertineT-TLF/m/n/10.95 Pe-ri-od-ic-ity anal-y-sis can be used to op-ti-mize net-work re-sources
 []


Overfull \hbox (0.82655pt too wide) in paragraph at lines 179--180
[]\OT1/LinuxLibertineT-TLF/b/n/10.95 Efficient Data Com-pres-sion: \OT1/LinuxLibertineT-TLF/m/n/10.95 Given the of-ten high vol-ume of data, time se-ries databases
 []


Overfull \hbox (3.07832pt too wide) in paragraph at lines 180--181
[]\OT1/LinuxLibertineT-TLF/b/n/10.95 High Through-put: \OT1/LinuxLibertineT-TLF/m/n/10.95 They are op-ti-mized to han-dle high-frequency data writes and queries,
 []

[10]
<../Thesis_Docs/media/influxdb_architecture.png, id=305, 470.35725pt x 352.31625pt>
File: ../Thesis_Docs/media/influxdb_architecture.png Graphic file (type png)
<use ../Thesis_Docs/media/influxdb_architecture.png>
Package pdftex.def Info: ../Thesis_Docs/media/influxdb_architecture.png  used on input line 211.
(pdftex.def)             Requested size: 418.25555pt x 313.29704pt.
 [11] [12 <../Thesis_Docs/media/influxdb_architecture.png>]
chapter 3.
[13


] [14] [15] [16]
chapter 4.
[17


]
Overfull \hbox (3.37776pt too wide) in paragraph at lines 284--285
[]\OT1/LinuxLibertineT-TLF/m/n/10.95 Continuous mon-i-tor-ing of net-work traf-fic and be-hav-ior pat-terns en-ables the sys-tem to quickly
 []

<../Thesis_Docs/media/algorithm.jpg, id=388, 864.22874pt x 336.0555pt>
File: ../Thesis_Docs/media/algorithm.jpg Graphic file (type jpg)
<use ../Thesis_Docs/media/algorithm.jpg>
Package pdftex.def Info: ../Thesis_Docs/media/algorithm.jpg  used on input line 292.
(pdftex.def)             Requested size: 418.25555pt x 162.63803pt.
[18]
<../Thesis_Docs/media/methodchart.png, id=395, 1043.9pt x 477.785pt>
File: ../Thesis_Docs/media/methodchart.png Graphic file (type png)
<use ../Thesis_Docs/media/methodchart.png>
Package pdftex.def Info: ../Thesis_Docs/media/methodchart.png  used on input line 307.
(pdftex.def)             Requested size: 418.25555pt x 191.43138pt.
 [19 <../Thesis_Docs/media/algorithm.jpg>] [20 <../Thesis_Docs/media/methodchart.png>]
<../Thesis_Docs/media/jsondata.png, id=408, 593.8185pt x 274.626pt>
File: ../Thesis_Docs/media/jsondata.png Graphic file (type png)
<use ../Thesis_Docs/media/jsondata.png>
Package pdftex.def Info: ../Thesis_Docs/media/jsondata.png  used on input line 330.
(pdftex.def)             Requested size: 334.60571pt x 154.74492pt.
LaTeX Font Info:    Trying to load font information for OT1+LinuxLibertineMonoT-TLF on input line 335.
 (/usr/share/texlive/texmf-dist/tex/latex/libertine/OT1LinuxLibertineMonoT-TLF.fd
File: OT1LinuxLibertineMonoT-TLF.fd 2019/05/20 (autoinst) Font definitions for OT1/LinuxLibertineMonoT-TLF.
)
LaTeX Font Info:    Font shape `OT1/LinuxLibertineMonoT-TLF/m/n' in size <10.95> not available
(Font)              Font shape `OT1/LinuxLibertineMonoT-TLF/regular/n' tried instead on input line 335.
LaTeX Font Info:    Font shape `OT1/LinuxLibertineMonoT-TLF/regular/n' will be
(Font)              scaled to size 10.95pt on input line 335.
LaTeX Font Info:    Font shape `OT1/LinuxLibertineT-TLF/m/n' will be
(Font)              scaled to size 6.0pt on input line 338.
LaTeX Font Info:    Trying to load font information for OMS+LinuxLibertineMonoT-TLF on input line 338.
LaTeX Font Info:    No file OMSLinuxLibertineMonoT-TLF.fd. on input line 338.


LaTeX Font Warning: Font shape `OMS/LinuxLibertineMonoT-TLF/m/n' undefined
(Font)              using `OMS/cmsy/m/n' instead
(Font)              for symbol `textbraceleft' on input line 338.

LaTeX Font Info:    Trying to load font information for TS1+LinuxLibertineMonoT-TLF on input line 339.
(/usr/share/texlive/texmf-dist/tex/latex/libertine/TS1LinuxLibertineMonoT-TLF.fd
File: TS1LinuxLibertineMonoT-TLF.fd 2019/05/20 (autoinst) Font definitions for TS1/LinuxLibertineMonoT-TLF.
)
LaTeX Font Info:    Font shape `TS1/LinuxLibertineMonoT-TLF/m/n' in size <10.95> not available
(Font)              Font shape `TS1/LinuxLibertineMonoT-TLF/regular/n' tried instead on input line 339.
LaTeX Font Info:    Font shape `TS1/LinuxLibertineMonoT-TLF/regular/n' will be
(Font)              scaled to size 10.95pt on input line 339.

Missing character: There is no _ in font LinLibertineMT-tlf-ot1!
[21 <../Thesis_Docs/media/jsondata.png>]
Missing character: There is no _ in font LinLibertineMT-tlf-ot1!
[22]
<../Thesis_Docs/media/urls_request_count_log_scale.png, id=440, 1110.0672pt x 544.9158pt>
File: ../Thesis_Docs/media/urls_request_count_log_scale.png Graphic file (type png)
<use ../Thesis_Docs/media/urls_request_count_log_scale.png>
Package pdftex.def Info: ../Thesis_Docs/media/urls_request_count_log_scale.png  used on input line 381.
(pdftex.def)             Requested size: 418.25555pt x 205.31573pt.
<../Thesis_Docs/media/urls_request_count_linear_scale.png, id=442, 1110.0672pt x 544.9158pt>
File: ../Thesis_Docs/media/urls_request_count_linear_scale.png Graphic file (type png)
<use ../Thesis_Docs/media/urls_request_count_linear_scale.png>
Package pdftex.def Info: ../Thesis_Docs/media/urls_request_count_linear_scale.png  used on input line 390.
(pdftex.def)             Requested size: 418.25555pt x 205.31573pt.
 [23] [24 <../Thesis_Docs/media/urls_request_count_log_scale.png> <../Thesis_Docs/media/urls_request_count_linear_scale.png>]
<../Thesis_Docs/media/visit_in_24h.png, id=458, 1011.78pt x 505.89pt>
File: ../Thesis_Docs/media/visit_in_24h.png Graphic file (type png)
<use ../Thesis_Docs/media/visit_in_24h.png>
Package pdftex.def Info: ../Thesis_Docs/media/visit_in_24h.png  used on input line 406.
(pdftex.def)             Requested size: 418.25555pt x 209.1299pt.
 [25 <../Thesis_Docs/media/visit_in_24h.png>]
<../Thesis_Docs/media/avg_day_night.png, id=467, 578.16pt x 433.62pt>
File: ../Thesis_Docs/media/avg_day_night.png Graphic file (type png)
<use ../Thesis_Docs/media/avg_day_night.png>
Package pdftex.def Info: ../Thesis_Docs/media/avg_day_night.png  used on input line 418.
(pdftex.def)             Requested size: 418.25555pt x 313.68826pt.
 [26 <../Thesis_Docs/media/avg_day_night.png>]
<../Thesis_Docs/media/seconds.png, id=475, 1110.0672pt x 544.9158pt>
File: ../Thesis_Docs/media/seconds.png Graphic file (type png)
<use ../Thesis_Docs/media/seconds.png>
Package pdftex.def Info: ../Thesis_Docs/media/seconds.png  used on input line 430.
(pdftex.def)             Requested size: 418.25555pt x 205.31573pt.
 [27 <../Thesis_Docs/media/seconds.png>]
<../Thesis_Docs/media/minutes.png, id=484, 1110.0672pt x 544.9158pt>
File: ../Thesis_Docs/media/minutes.png Graphic file (type png)
<use ../Thesis_Docs/media/minutes.png>
Package pdftex.def Info: ../Thesis_Docs/media/minutes.png  used on input line 439.
(pdftex.def)             Requested size: 418.25555pt x 205.31573pt.
 [28 <../Thesis_Docs/media/minutes.png>]
<../Thesis_Docs/media/unic_urls.png, id=494, 1110.0672pt x 544.9158pt>
File: ../Thesis_Docs/media/unic_urls.png Graphic file (type png)
<use ../Thesis_Docs/media/unic_urls.png>
Package pdftex.def Info: ../Thesis_Docs/media/unic_urls.png  used on input line 453.
(pdftex.def)             Requested size: 418.25555pt x 205.31573pt.
 [29 <../Thesis_Docs/media/unic_urls.png>]
<../Thesis_Docs/media/datasetchart.png, id=502, 4757.775pt x 596.2275pt>
File: ../Thesis_Docs/media/datasetchart.png Graphic file (type png)
<use ../Thesis_Docs/media/datasetchart.png>
Package pdftex.def Info: ../Thesis_Docs/media/datasetchart.png  used on input line 465.
(pdftex.def)             Requested size: 418.25555pt x 52.41177pt.
 [30 <../Thesis_Docs/media/datasetchart.png>]
Underfull \vbox (badness 10000) has occurred while \output is active []

 [31]
Underfull \vbox (badness 10000) has occurred while \output is active []

 [32]
LaTeX Font Info:    Font shape `OT1/LinuxLibertineT-TLF/m/n' will be
(Font)              scaled to size 8.0pt on input line 496.
 [33] [34]
<../Thesis_Docs/media/FTT Analysis.png, id=534, 722.7pt x 433.62pt>
File: ../Thesis_Docs/media/FTT Analysis.png Graphic file (type png)
<use ../Thesis_Docs/media/FTT Analysis.png>
Package pdftex.def Info: ../Thesis_Docs/media/FTT Analysis.png  used on input line 527.
(pdftex.def)             Requested size: 418.25555pt x 250.9506pt.

Underfull \vbox (badness 10000) has occurred while \output is active []

 [35 <../Thesis_Docs/media/FTT Analysis.png>]
<../Thesis_Docs/media/autocorrelation.png, id=542, 722.7pt x 433.62pt>
File: ../Thesis_Docs/media/autocorrelation.png Graphic file (type png)
<use ../Thesis_Docs/media/autocorrelation.png>
Package pdftex.def Info: ../Thesis_Docs/media/autocorrelation.png  used on input line 547.
(pdftex.def)             Requested size: 418.25555pt x 250.9506pt.
 [36 <../Thesis_Docs/media/autocorrelation.png>]
Overfull \hbox (5.63548pt too wide) in paragraph at lines 559--560
\OT1/LinuxLibertineT-TLF/m/n/10.95 the broader con-text of net-work ac-tiv-ity. They scru-ti-nize the iden-ti-fied pat-terns, cross-referencing
 []

[37] [38]
chapter 5.
[39


] [40] [41] [42] [43] [44]
<../Thesis_Docs/media/algorithm final output.png, id=583, 1110.0672pt x 544.9158pt>
File: ../Thesis_Docs/media/algorithm final output.png Graphic file (type png)
<use ../Thesis_Docs/media/algorithm final output.png>
Package pdftex.def Info: ../Thesis_Docs/media/algorithm final output.png  used on input line 659.
(pdftex.def)             Requested size: 418.25595pt x 297.90031pt.
 [45] [46 <../Thesis_Docs/media/algorithm final output.png>]
Overfull \hbox (13.89606pt too wide) in paragraph at lines 673--674
[]\OT1/LinuxLibertineT-TLF/m/n/10.95 Performance con-sid-er-a-tions were ex-am-ined, high-light-ing the ef-fi-ciency of the whitelist
 []

[47]
Overfull \hbox (6.31134pt too wide) in paragraph at lines 723--724
[]\OT1/LinuxLibertineT-TLF/m/n/10.95 Develop an au-to-mated pre-pro-cess-ing pipeline that seam-lessly in-te-grates the whitelist
 []

[48]
chapter 6.
[49


]
Overfull \hbox (2.41031pt too wide) in paragraph at lines 742--743
[]\OT1/LinuxLibertineT-TLF/b/n/10.95 Diverse Datasets: \OT1/LinuxLibertineT-TLF/m/n/10.95 The bea-con-ing de-tec-tion is sub-jected to rig-or-ous test-ing us-ing datasets
 []

[50]
<../Thesis_Docs/media/report.png, id=619, 1110.0672pt x 544.9158pt>
File: ../Thesis_Docs/media/report.png Graphic file (type png)
<use ../Thesis_Docs/media/report.png>
Package pdftex.def Info: ../Thesis_Docs/media/report.png  used on input line 757.
(pdftex.def)             Requested size: 418.25555pt x 205.31573pt.
<../Thesis_Docs/media/specialmalicious.png, id=621, 1110.0672pt x 544.9158pt>
File: ../Thesis_Docs/media/specialmalicious.png Graphic file (type png)
<use ../Thesis_Docs/media/specialmalicious.png>
Package pdftex.def Info: ../Thesis_Docs/media/specialmalicious.png  used on input line 770.
(pdftex.def)             Requested size: 418.25555pt x 205.31573pt.
 [51 <../Thesis_Docs/media/report.png>] [52 <../Thesis_Docs/media/specialmalicious.png>]
<../Thesis_Docs/media/mal2.png, id=635, 1110.0672pt x 544.9158pt>
File: ../Thesis_Docs/media/mal2.png Graphic file (type png)
<use ../Thesis_Docs/media/mal2.png>
Package pdftex.def Info: ../Thesis_Docs/media/mal2.png  used on input line 789.
(pdftex.def)             Requested size: 418.25555pt x 205.31573pt.
 [53 <../Thesis_Docs/media/mal2.png>]
<../Thesis_Docs/media/mal2s.png, id=644, 722.7pt x 433.62pt>
File: ../Thesis_Docs/media/mal2s.png Graphic file (type png)
<use ../Thesis_Docs/media/mal2s.png>
Package pdftex.def Info: ../Thesis_Docs/media/mal2s.png  used on input line 800.
(pdftex.def)             Requested size: 418.25555pt x 250.9506pt.


LaTeX Warning: Reference `fig:fft_analysis' on page 54 undefined on input line 813.


Underfull \vbox (badness 10000) has occurred while \output is active []

 [54 <../Thesis_Docs/media/mal2s.png>]

LaTeX Warning: Reference `fig:auto' on page 55 undefined on input line 817.

<../Thesis_Docs/media/auto.png, id=653, 722.7pt x 433.62pt>
File: ../Thesis_Docs/media/auto.png Graphic file (type png)
<use ../Thesis_Docs/media/auto.png>
Package pdftex.def Info: ../Thesis_Docs/media/auto.png  used on input line 821.
(pdftex.def)             Requested size: 334.60571pt x 200.76445pt.

Underfull \vbox (badness 5652) has occurred while \output is active []

 [55 <../Thesis_Docs/media/auto.png>]
<../Thesis_Docs/media/furier.png, id=661, 722.7pt x 433.62pt>
File: ../Thesis_Docs/media/furier.png Graphic file (type png)
<use ../Thesis_Docs/media/furier.png>
Package pdftex.def Info: ../Thesis_Docs/media/furier.png  used on input line 832.
(pdftex.def)             Requested size: 334.60571pt x 200.76445pt.
 [56 <../Thesis_Docs/media/furier.png>]
<../Thesis_Docs/media/auto-realdata.png, id=673, 722.7pt x 433.62pt>
File: ../Thesis_Docs/media/auto-realdata.png Graphic file (type png)
<use ../Thesis_Docs/media/auto-realdata.png>
Package pdftex.def Info: ../Thesis_Docs/media/auto-realdata.png  used on input line 847.
(pdftex.def)             Requested size: 334.60571pt x 200.76445pt.
<../Thesis_Docs/media/fourier-realdata.png, id=675, 722.7pt x 433.62pt>
File: ../Thesis_Docs/media/fourier-realdata.png Graphic file (type png)
<use ../Thesis_Docs/media/fourier-realdata.png>
Package pdftex.def Info: ../Thesis_Docs/media/fourier-realdata.png  used on input line 858.
(pdftex.def)             Requested size: 334.60571pt x 200.76445pt.
 [57 <../Thesis_Docs/media/auto-realdata.png>] [58 <../Thesis_Docs/media/fourier-realdata.png>]
chapter 7.
[59


] [60] [61] [62


]
chapter 8.
[63] (/usr/share/texlive/texmf-dist/tex/latex/listings/lstlang1.sty
File: lstlang1.sty 2020/03/24 1.8d listings language file
) [64]
chapter A.
LaTeX Font Info:    Font shape `OT1/LinuxLibertineMonoT-TLF/m/n' in size <9> not available
(Font)              Font shape `OT1/LinuxLibertineMonoT-TLF/regular/n' tried instead on input line 990.
LaTeX Font Info:    Font shape `OT1/LinuxLibertineMonoT-TLF/regular/n' will be
(Font)              scaled to size 9.0pt on input line 990.
LaTeX Font Info:    Trying to load font information for OML+LinuxLibertineMonoT-TLF on input line 1026.
LaTeX Font Info:    No file OMLLinuxLibertineMonoT-TLF.fd. on input line 1026.

LaTeX Font Warning: Font shape `OML/LinuxLibertineMonoT-TLF/m/n' undefined
(Font)              using `OML/cmm/m/it' instead
(Font)              for symbol `textgreater' on input line 1026.

[65


]
Underfull \vbox (badness 10000) has occurred while \output is active []

 [66]
Underfull \vbox (badness 10000) has occurred while \output is active []

 [67] [68]
Underfull \vbox (badness 10000) has occurred while \output is active []

 [69]
Underfull \vbox (badness 10000) has occurred while \output is active []

 [70]) (./Nikkhah_Nasab-Aida-Mastersthesis.bbl [71] [72


] [73] [74]) [75] (./Nikkhah_Nasab-Aida-Mastersthesis.aux)

LaTeX Font Warning: Some font shapes were not available, defaults substituted.


LaTeX Warning: There were undefined references.

Package rerunfilecheck Info: File `Nikkhah_Nasab-Aida-Mastersthesis.out' has not changed.
(rerunfilecheck)             Checksum: D41D8CD98F00B204E9800998ECF8427E;0.
 ) 
Here is how much of TeX's memory you used:
 17840 strings out of 478287
 314902 string characters out of 5849288
 1294050 words of memory out of 5000000
 35161 multiletter control sequences out of 15000+600000
 502618 words of font info for 79 fonts, out of 8000000 for 9000
 1141 hyphenation exceptions out of 8191
 108i,9n,106p,10663b,2044s stack positions out of 5000i,500n,10000p,200000b,80000s
{/usr/share/texlive/texmf-dist/fonts/enc/dvips/libertine/lbtn_mlkyly.enc}{/usr/share/texlive/texmf-dist/fonts/enc/dvips/libertine/lbtn_3dk467.enc}{/usr/share/texlive/texmf-dist/fonts/enc/dvips/libertine/lbtn_edcawa.enc}{/usr/share/texlive/texmf-dist/fonts/enc/dvips/libertine/lbtn_naooyc.enc}{/usr/share/texlive/texmf-dist/fonts/enc/dvips/libertine/lbtn_kijugd.enc}{/usr/share/texlive/texmf-dist/fonts/enc/dvips/libertine/lbtn_n3gv2c.enc}{/usr/share/texlive/texmf-dist/fonts/enc/dvips/libertine/lbtn_oexx6f.enc}{/usr/share/texlive/texmf-dist/fonts/enc/dvips/libertine/lbtn_lyu3x3.enc}</usr/share/texlive/texmf-dist/fonts/type1/public/libertine/LinBiolinumTB.pfb></usr/share/texlive/texmf-dist/fonts/type1/public/libertine/LinLibertineMT.pfb></usr/share/texlive/texmf-dist/fonts/type1/public/libertine/LinLibertineT.pfb></usr/share/texlive/texmf-dist/fonts/type1/public/libertine/LinLibertineTB.pfb></usr/share/texlive/texmf-dist/fonts/type1/public/libertine/LinLibertineTI.pfb></usr/share/texlive/texmf-dist/fonts/type1/public/amsfonts/cm/cmmi10.pfb></usr/share/texlive/texmf-dist/fonts/type1/public/amsfonts/cm/cmmi6.pfb></usr/share/texlive/texmf-dist/fonts/type1/public/amsfonts/cm/cmmi8.pfb></usr/share/texlive/texmf-dist/fonts/type1/public/amsfonts/cm/cmmi9.pfb></usr/share/texlive/texmf-dist/fonts/type1/public/amsfonts/cm/cmr10.pfb></usr/share/texlive/texmf-dist/fonts/type1/public/amsfonts/cm/cmr8.pfb></usr/share/texlive/texmf-dist/fonts/type1/public/amsfonts/cm/cmsy10.pfb></usr/share/texlive/texmf-dist/fonts/type1/public/amsfonts/cm/cmsy8.pfb></usr/share/texlive/texmf-dist/fonts/type1/public/amsfonts/cm/cmsy9.pfb>
Output written on Nikkhah_Nasab-Aida-Mastersthesis.pdf (85 pages, 2469845 bytes).
PDF statistics:
 1532 PDF objects out of 1728 (max. 8388607)
 1330 compressed objects within 14 object streams
 576 named destinations out of 1000 (max. 500000)
 776 words of extra memory for PDF output out of 10000 (max. 10000000)

